Using pre-set license
Built from '2020.3/staging' branch; Version is '2020.3.11f1 (99c7afb366b3) revision 10078127'; Using compiler version '192528614'; Build Type 'Release'
OS: 'Windows 10 Home; OS build 19042.1052; Version 2009; 64bit' Language: 'en' Physical Memory: 16263 MB
BatchMode: 1, IsHumanControllingUs: 0, StartBugReporterOnCrash: 0, Is64bit: 1, IsPro: 0

 COMMAND LINE ARGUMENTS:
D:\UnityEditors\2020.3.11f1\Editor\Unity.exe
-adb2
-batchMode
-noUpm
-name
AssetImportWorker0
-projectPath
D:/Unity/GMTK2021
-logFile
Logs/AssetImportWorker0.log
-srvPort
49681
Successfully changed project path to: D:/Unity/GMTK2021
D:/Unity/GMTK2021
Using Asset Import Pipeline V2.
Refreshing native plugins compatible for Editor in 46.36 ms, found 2 plugins.
Preloading 0 native plugins for Editor in 0.00 ms.
Initialize engine version: 2020.3.11f1 (99c7afb366b3)
[Subsystems] Discovering subsystems at path D:/UnityEditors/2020.3.11f1/Editor/Data/Resources/UnitySubsystems
[Subsystems] Discovering subsystems at path D:/Unity/GMTK2021/Assets
GfxDevice: creating device client; threaded=0
Direct3D:
    Version:  Direct3D 11.0 [level 11.1]
    Renderer: NVIDIA GeForce GTX 1060 (ID=0x1c20)
    Vendor:   
    VRAM:     6052 MB
    Driver:   27.21.14.6230
Initialize mono
Mono path[0] = 'D:/UnityEditors/2020.3.11f1/Editor/Data/Managed'
Mono path[1] = 'D:/UnityEditors/2020.3.11f1/Editor/Data/MonoBleedingEdge/lib/mono/unityjit'
Mono config path = 'D:/UnityEditors/2020.3.11f1/Editor/Data/MonoBleedingEdge/etc'
Using monoOptions --debugger-agent=transport=dt_socket,embedding=1,server=y,suspend=n,address=127.0.0.1:56028
Begin MonoManager ReloadAssembly
Registering precompiled unity dll's ...
Register platform support module: D:/UnityEditors/2020.3.11f1/Editor/Data/PlaybackEngines/WebGLSupport/UnityEditor.WebGL.Extensions.dll
Register platform support module: D:/UnityEditors/2020.3.11f1/Editor/Data/PlaybackEngines/WindowsStandaloneSupport/UnityEditor.WindowsStandalone.Extensions.dll
Register platform support module: D:/UnityEditors/2020.3.11f1/Editor/Data/PlaybackEngines/LinuxStandaloneSupport/UnityEditor.LinuxStandalone.Extensions.dll
Registered in 0.001632 seconds.
Native extension for LinuxStandalone target not found
Native extension for WindowsStandalone target not found
Native extension for WebGL target not found
Refreshing native plugins compatible for Editor in 46.48 ms, found 2 plugins.
Preloading 0 native plugins for Editor in 0.00 ms.
Mono: successfully reloaded assembly
- Completed reload, in  1.083 seconds
Platform modules already initialized, skipping
Registering precompiled user dll's ...
Registered in 0.002805 seconds.
Begin MonoManager ReloadAssembly
Native extension for LinuxStandalone target not found
Native extension for WindowsStandalone target not found
Native extension for WebGL target not found
Refreshing native plugins compatible for Editor in 41.33 ms, found 2 plugins.
Preloading 0 native plugins for Editor in 0.00 ms.
Mono: successfully reloaded assembly
- Completed reload, in  2.436 seconds
Platform modules already initialized, skipping
========================================================================
Worker process is ready to serve import requests
Launched and connected shader compiler UnityShaderCompiler.exe after 0.08 seconds
Refreshing native plugins compatible for Editor in 0.65 ms, found 2 plugins.
Preloading 0 native plugins for Editor in 0.00 ms.
Unloading 1965 Unused Serialized files (Serialized files now loaded: 0)
System memory in use before: 97.8 MB.
System memory in use after: 97.7 MB.

Unloading 32 unused Assets to reduce memory usage. Loaded Objects now: 2407.
Total: 5.337000 ms (FindLiveObjects: 0.266000 ms CreateObjectMapping: 0.106600 ms MarkObjects: 4.613700 ms  DeleteObjects: 0.348700 ms)

========================================================================
Received Import Request.
  path: Assets/ranger-camp.png
  artifactKey: Guid(27537c6a61f28b5419debad5a11b57c8) Importer(815301076,1909f56bfc062723c751e8b465ee728b)
Start importing Assets/ranger-camp.png using Guid(27537c6a61f28b5419debad5a11b57c8) Importer(815301076,1909f56bfc062723c751e8b465ee728b)  -> (artifact id: '12e105cd9cea016ce599e47298f94761') in 0.330315 seconds
  Import took 0.335987 seconds .

========================================================================
Received Import Request.
  Time since last request: 0.000328 seconds.
  path: Assets/New Material.mat
  artifactKey: Guid(69b73ac030248f54e9b07623ced5a871) Importer(815301076,1909f56bfc062723c751e8b465ee728b)
Start importing Assets/New Material.mat using Guid(69b73ac030248f54e9b07623ced5a871) Importer(815301076,1909f56bfc062723c751e8b465ee728b)  -> (artifact id: 'c73ad95ca1fd94625dff779cdb9c2981') in 0.460606 seconds
  Import took 0.464461 seconds .

========================================================================
Received Import Request.
  Time since last request: 0.000369 seconds.
  path: Assets/BigFootController.cs
  artifactKey: Guid(23146e0d0c326334bbab34ea199d2183) Importer(815301076,1909f56bfc062723c751e8b465ee728b)
Start importing Assets/BigFootController.cs using Guid(23146e0d0c326334bbab34ea199d2183) Importer(815301076,1909f56bfc062723c751e8b465ee728b)  -> (artifact id: 'c2c397835bcb7339777cbe25ecbfcf37') in 0.022702 seconds
  Import took 0.026699 seconds .

========================================================================
Received Import Request.
  Time since last request: 64.156574 seconds.
  path: Assets/CloudPrefabs
  artifactKey: Guid(213794f9cdc98394eb14bc12508cc17a) Importer(815301076,1909f56bfc062723c751e8b465ee728b)
Start importing Assets/CloudPrefabs using Guid(213794f9cdc98394eb14bc12508cc17a) Importer(815301076,1909f56bfc062723c751e8b465ee728b)  -> (artifact id: '120e5b537e2078a3e9d0003fdbf827f3') in 0.010482 seconds
  Import took 0.015068 seconds .

========================================================================
Received Prepare
Registering precompiled user dll's ...
Registered in 0.002929 seconds.
Begin MonoManager ReloadAssembly
Native extension for LinuxStandalone target not found
Native extension for WindowsStandalone target not found
Native extension for WebGL target not found
Refreshing native plugins compatible for Editor in 0.44 ms, found 2 plugins.
Preloading 0 native plugins for Editor in 0.00 ms.
Mono: successfully reloaded assembly
- Completed reload, in  1.236 seconds
Platform modules already initialized, skipping
Refreshing native plugins compatible for Editor in 0.44 ms, found 2 plugins.
Preloading 0 native plugins for Editor in 0.00 ms.
Unloading 1920 Unused Serialized files (Serialized files now loaded: 0)
System memory in use before: 97.3 MB.
System memory in use after: 97.2 MB.

Unloading 17 unused Assets to reduce memory usage. Loaded Objects now: 2453.
Total: 2.822200 ms (FindLiveObjects: 0.189600 ms CreateObjectMapping: 0.064000 ms MarkObjects: 2.434200 ms  DeleteObjects: 0.133600 ms)

========================================================================
Received Import Request.
  Time since last request: 4993.799995 seconds.
  path: Assets/Scenes
  artifactKey: Guid(63cd780fec2e5e74483c5f35fbbf65b2) Importer(815301076,1909f56bfc062723c751e8b465ee728b)
Start importing Assets/Scenes using Guid(63cd780fec2e5e74483c5f35fbbf65b2) Importer(815301076,1909f56bfc062723c751e8b465ee728b)  -> (artifact id: 'c651af2f6e49501f8f868d97f4fa979d') in 0.010971 seconds
  Import took 0.014521 seconds .

========================================================================
Received Prepare
Registering precompiled user dll's ...
Registered in 0.002627 seconds.
Begin MonoManager ReloadAssembly
Native extension for LinuxStandalone target not found
Native extension for WindowsStandalone target not found
Native extension for WebGL target not found
Refreshing native plugins compatible for Editor in 0.49 ms, found 2 plugins.
Preloading 0 native plugins for Editor in 0.00 ms.
Mono: successfully reloaded assembly
- Completed reload, in  1.520 seconds
Platform modules already initialized, skipping
Refreshing native plugins compatible for Editor in 0.50 ms, found 2 plugins.
Preloading 0 native plugins for Editor in 0.00 ms.
Unloading 1921 Unused Serialized files (Serialized files now loaded: 0)
System memory in use before: 97.3 MB.
System memory in use after: 97.2 MB.

Unloading 17 unused Assets to reduce memory usage. Loaded Objects now: 2457.
Total: 3.004400 ms (FindLiveObjects: 0.209100 ms CreateObjectMapping: 0.066400 ms MarkObjects: 2.581300 ms  DeleteObjects: 0.146700 ms)

========================================================================
Received Prepare
Registering precompiled user dll's ...
Registered in 0.002680 seconds.
Begin MonoManager ReloadAssembly
Native extension for LinuxStandalone target not found
Native extension for WindowsStandalone target not found
Native extension for WebGL target not found
Refreshing native plugins compatible for Editor in 0.47 ms, found 2 plugins.
Preloading 0 native plugins for Editor in 0.00 ms.
Mono: successfully reloaded assembly
- Completed reload, in  1.145 seconds
Platform modules already initialized, skipping
Refreshing native plugins compatible for Editor in 0.44 ms, found 2 plugins.
Preloading 0 native plugins for Editor in 0.00 ms.
Unloading 1921 Unused Serialized files (Serialized files now loaded: 0)
System memory in use before: 97.3 MB.
System memory in use after: 97.2 MB.

Unloading 17 unused Assets to reduce memory usage. Loaded Objects now: 2460.
Total: 2.901800 ms (FindLiveObjects: 0.180200 ms CreateObjectMapping: 0.059400 ms MarkObjects: 2.517100 ms  DeleteObjects: 0.144200 ms)

========================================================================
Received Prepare
Registering precompiled user dll's ...
Registered in 0.003264 seconds.
Begin MonoManager ReloadAssembly
Native extension for LinuxStandalone target not found
Native extension for WindowsStandalone target not found
Native extension for WebGL target not found
Refreshing native plugins compatible for Editor in 0.45 ms, found 2 plugins.
Preloading 0 native plugins for Editor in 0.00 ms.
Mono: successfully reloaded assembly
- Completed reload, in  1.266 seconds
Platform modules already initialized, skipping
Refreshing native plugins compatible for Editor in 0.44 ms, found 2 plugins.
Preloading 0 native plugins for Editor in 0.00 ms.
Unloading 1921 Unused Serialized files (Serialized files now loaded: 0)
System memory in use before: 97.3 MB.
System memory in use after: 97.3 MB.

Unloading 17 unused Assets to reduce memory usage. Loaded Objects now: 2463.
Total: 2.885600 ms (FindLiveObjects: 0.181100 ms CreateObjectMapping: 0.060000 ms MarkObjects: 2.497600 ms  DeleteObjects: 0.145800 ms)

========================================================================
Received Prepare
Registering precompiled user dll's ...
Registered in 0.002808 seconds.
Begin MonoManager ReloadAssembly
Native extension for LinuxStandalone target not found
Native extension for WindowsStandalone target not found
Native extension for WebGL target not found
Refreshing native plugins compatible for Editor in 0.45 ms, found 2 plugins.
Preloading 0 native plugins for Editor in 0.00 ms.
Mono: successfully reloaded assembly
- Completed reload, in  1.190 seconds
Platform modules already initialized, skipping
Refreshing native plugins compatible for Editor in 0.46 ms, found 2 plugins.
Preloading 0 native plugins for Editor in 0.00 ms.
Unloading 1921 Unused Serialized files (Serialized files now loaded: 0)
System memory in use before: 97.4 MB.
System memory in use after: 97.3 MB.

Unloading 17 unused Assets to reduce memory usage. Loaded Objects now: 2466.
Total: 2.839300 ms (FindLiveObjects: 0.176100 ms CreateObjectMapping: 0.053500 ms MarkObjects: 2.422600 ms  DeleteObjects: 0.186200 ms)

========================================================================
Received Prepare
Registering precompiled user dll's ...
Registered in 0.003299 seconds.
Begin MonoManager ReloadAssembly
Native extension for LinuxStandalone target not found
Native extension for WindowsStandalone target not found
Native extension for WebGL target not found
Refreshing native plugins compatible for Editor in 0.61 ms, found 2 plugins.
Preloading 0 native plugins for Editor in 0.00 ms.
Mono: successfully reloaded assembly
- Completed reload, in  1.674 seconds
Platform modules already initialized, skipping
Refreshing native plugins compatible for Editor in 0.49 ms, found 2 plugins.
Preloading 0 native plugins for Editor in 0.00 ms.
Unloading 1921 Unused Serialized files (Serialized files now loaded: 0)
System memory in use before: 97.4 MB.
System memory in use after: 97.3 MB.

Unloading 17 unused Assets to reduce memory usage. Loaded Objects now: 2469.
Total: 3.103700 ms (FindLiveObjects: 0.203700 ms CreateObjectMapping: 0.068100 ms MarkObjects: 2.668600 ms  DeleteObjects: 0.161800 ms)

========================================================================
Received Prepare
Registering precompiled user dll's ...
Registered in 0.002911 seconds.
Begin MonoManager ReloadAssembly
Native extension for LinuxStandalone target not found
Native extension for WindowsStandalone target not found
Native extension for WebGL target not found
Refreshing native plugins compatible for Editor in 0.45 ms, found 2 plugins.
Preloading 0 native plugins for Editor in 0.00 ms.
Mono: successfully reloaded assembly
- Completed reload, in  1.303 seconds
Platform modules already initialized, skipping
Refreshing native plugins compatible for Editor in 0.48 ms, found 2 plugins.
Preloading 0 native plugins for Editor in 0.00 ms.
Unloading 1921 Unused Serialized files (Serialized files now loaded: 0)
System memory in use before: 97.3 MB.
System memory in use after: 97.3 MB.

Unloading 17 unused Assets to reduce memory usage. Loaded Objects now: 2472.
Total: 3.102900 ms (FindLiveObjects: 0.191400 ms CreateObjectMapping: 0.063200 ms MarkObjects: 2.673000 ms  DeleteObjects: 0.174200 ms)

========================================================================
Received Prepare
Registering precompiled user dll's ...
Registered in 0.002929 seconds.
Begin MonoManager ReloadAssembly
Native extension for LinuxStandalone target not found
Native extension for WindowsStandalone target not found
Native extension for WebGL target not found
Refreshing native plugins compatible for Editor in 0.47 ms, found 2 plugins.
Preloading 0 native plugins for Editor in 0.00 ms.
Mono: successfully reloaded assembly
- Completed reload, in  1.258 seconds
Platform modules already initialized, skipping
Refreshing native plugins compatible for Editor in 0.48 ms, found 2 plugins.
Preloading 0 native plugins for Editor in 0.00 ms.
Unloading 1921 Unused Serialized files (Serialized files now loaded: 0)
System memory in use before: 97.4 MB.
System memory in use after: 97.3 MB.

Unloading 17 unused Assets to reduce memory usage. Loaded Objects now: 2475.
Total: 3.330700 ms (FindLiveObjects: 0.201800 ms CreateObjectMapping: 0.064100 ms MarkObjects: 2.896400 ms  DeleteObjects: 0.167500 ms)

========================================================================
Received Prepare
Registering precompiled user dll's ...
Registered in 0.002816 seconds.
Begin MonoManager ReloadAssembly
Native extension for LinuxStandalone target not found
Native extension for WindowsStandalone target not found
Native extension for WebGL target not found
Refreshing native plugins compatible for Editor in 0.47 ms, found 2 plugins.
Preloading 0 native plugins for Editor in 0.00 ms.
Mono: successfully reloaded assembly
- Completed reload, in  1.207 seconds
Platform modules already initialized, skipping
Refreshing native plugins compatible for Editor in 0.49 ms, found 2 plugins.
Preloading 0 native plugins for Editor in 0.00 ms.
Unloading 1921 Unused Serialized files (Serialized files now loaded: 0)
System memory in use before: 97.4 MB.
System memory in use after: 97.3 MB.

Unloading 17 unused Assets to reduce memory usage. Loaded Objects now: 2478.
Total: 3.717500 ms (FindLiveObjects: 0.188600 ms CreateObjectMapping: 0.054300 ms MarkObjects: 2.596400 ms  DeleteObjects: 0.877100 ms)

========================================================================
Received Prepare
Registering precompiled user dll's ...
Registered in 0.002726 seconds.
Begin MonoManager ReloadAssembly
Native extension for LinuxStandalone target not found
Native extension for WindowsStandalone target not found
Native extension for WebGL target not found
Refreshing native plugins compatible for Editor in 0.44 ms, found 2 plugins.
Preloading 0 native plugins for Editor in 0.00 ms.
Mono: successfully reloaded assembly
- Completed reload, in  1.160 seconds
Platform modules already initialized, skipping
Refreshing native plugins compatible for Editor in 0.44 ms, found 2 plugins.
Preloading 0 native plugins for Editor in 0.00 ms.
Unloading 1921 Unused Serialized files (Serialized files now loaded: 0)
System memory in use before: 97.4 MB.
System memory in use after: 97.3 MB.

Unloading 17 unused Assets to reduce memory usage. Loaded Objects now: 2481.
Total: 2.543700 ms (FindLiveObjects: 0.151500 ms CreateObjectMapping: 0.054200 ms MarkObjects: 2.194200 ms  DeleteObjects: 0.142900 ms)

========================================================================
Received Prepare
Registering precompiled user dll's ...
Registered in 0.003723 seconds.
Begin MonoManager ReloadAssembly
Native extension for LinuxStandalone target not found
Native extension for WindowsStandalone target not found
Native extension for WebGL target not found
Refreshing native plugins compatible for Editor in 0.45 ms, found 2 plugins.
Preloading 0 native plugins for Editor in 0.00 ms.
Mono: successfully reloaded assembly
- Completed reload, in  1.211 seconds
Platform modules already initialized, skipping
Refreshing native plugins compatible for Editor in 0.45 ms, found 2 plugins.
Preloading 0 native plugins for Editor in 0.00 ms.
Unloading 1921 Unused Serialized files (Serialized files now loaded: 0)
System memory in use before: 97.4 MB.
System memory in use after: 97.3 MB.

Unloading 17 unused Assets to reduce memory usage. Loaded Objects now: 2484.
Total: 2.817800 ms (FindLiveObjects: 0.159100 ms CreateObjectMapping: 0.058200 ms MarkObjects: 2.388000 ms  DeleteObjects: 0.211700 ms)

========================================================================
Received Prepare
Registering precompiled user dll's ...
Registered in 0.002725 seconds.
Begin MonoManager ReloadAssembly
Native extension for LinuxStandalone target not found
Native extension for WindowsStandalone target not found
Native extension for WebGL target not found
Refreshing native plugins compatible for Editor in 0.44 ms, found 2 plugins.
Preloading 0 native plugins for Editor in 0.00 ms.
Mono: successfully reloaded assembly
- Completed reload, in  1.204 seconds
Platform modules already initialized, skipping
Refreshing native plugins compatible for Editor in 0.45 ms, found 2 plugins.
Preloading 0 native plugins for Editor in 0.00 ms.
Unloading 1921 Unused Serialized files (Serialized files now loaded: 0)
System memory in use before: 97.4 MB.
System memory in use after: 97.3 MB.

Unloading 17 unused Assets to reduce memory usage. Loaded Objects now: 2487.
Total: 2.707900 ms (FindLiveObjects: 0.183400 ms CreateObjectMapping: 0.057300 ms MarkObjects: 2.282600 ms  DeleteObjects: 0.183900 ms)

========================================================================
Received Prepare
Registering precompiled user dll's ...
Registered in 0.002777 seconds.
Begin MonoManager ReloadAssembly
Native extension for LinuxStandalone target not found
Native extension for WindowsStandalone target not found
Native extension for WebGL target not found
Refreshing native plugins compatible for Editor in 0.46 ms, found 2 plugins.
Preloading 0 native plugins for Editor in 0.00 ms.
Mono: successfully reloaded assembly
- Completed reload, in  1.158 seconds
Platform modules already initialized, skipping
Refreshing native plugins compatible for Editor in 0.45 ms, found 2 plugins.
Preloading 0 native plugins for Editor in 0.00 ms.
Unloading 1921 Unused Serialized files (Serialized files now loaded: 0)
System memory in use before: 97.4 MB.
System memory in use after: 97.3 MB.

Unloading 17 unused Assets to reduce memory usage. Loaded Objects now: 2490.
Total: 2.983500 ms (FindLiveObjects: 0.245700 ms CreateObjectMapping: 0.056600 ms MarkObjects: 2.493700 ms  DeleteObjects: 0.186600 ms)

========================================================================
Received Prepare
Registering precompiled user dll's ...
Registered in 0.002887 seconds.
Begin MonoManager ReloadAssembly
Native extension for LinuxStandalone target not found
Native extension for WindowsStandalone target not found
Native extension for WebGL target not found
Refreshing native plugins compatible for Editor in 0.44 ms, found 2 plugins.
Preloading 0 native plugins for Editor in 0.00 ms.
Mono: successfully reloaded assembly
- Completed reload, in  1.235 seconds
Platform modules already initialized, skipping
Refreshing native plugins compatible for Editor in 0.44 ms, found 2 plugins.
Preloading 0 native plugins for Editor in 0.00 ms.
Unloading 1921 Unused Serialized files (Serialized files now loaded: 0)
System memory in use before: 97.4 MB.
System memory in use after: 97.3 MB.

Unloading 17 unused Assets to reduce memory usage. Loaded Objects now: 2493.
Total: 3.186500 ms (FindLiveObjects: 0.197400 ms CreateObjectMapping: 0.072200 ms MarkObjects: 2.756500 ms  DeleteObjects: 0.158900 ms)

========================================================================
Received Prepare
Registering precompiled user dll's ...
Registered in 0.002698 seconds.
Begin MonoManager ReloadAssembly
Native extension for LinuxStandalone target not found
Native extension for WindowsStandalone target not found
Native extension for WebGL target not found
Refreshing native plugins compatible for Editor in 0.45 ms, found 2 plugins.
Preloading 0 native plugins for Editor in 0.00 ms.
Mono: successfully reloaded assembly
- Completed reload, in  1.184 seconds
Platform modules already initialized, skipping
Refreshing native plugins compatible for Editor in 0.45 ms, found 2 plugins.
Preloading 0 native plugins for Editor in 0.00 ms.
Unloading 1921 Unused Serialized files (Serialized files now loaded: 0)
System memory in use before: 97.4 MB.
System memory in use after: 97.3 MB.

Unloading 17 unused Assets to reduce memory usage. Loaded Objects now: 2496.
Total: 3.062600 ms (FindLiveObjects: 0.209100 ms CreateObjectMapping: 0.076300 ms MarkObjects: 2.621400 ms  DeleteObjects: 0.155000 ms)

========================================================================
Received Prepare
Registering precompiled user dll's ...
Registered in 0.003073 seconds.
Begin MonoManager ReloadAssembly
Native extension for LinuxStandalone target not found
Native extension for WindowsStandalone target not found
Native extension for WebGL target not found
Refreshing native plugins compatible for Editor in 0.50 ms, found 2 plugins.
Preloading 0 native plugins for Editor in 0.00 ms.
Mono: successfully reloaded assembly
- Completed reload, in  1.221 seconds
Platform modules already initialized, skipping
Refreshing native plugins compatible for Editor in 0.46 ms, found 2 plugins.
Preloading 0 native plugins for Editor in 0.00 ms.
Unloading 1922 Unused Serialized files (Serialized files now loaded: 0)
System memory in use before: 97.4 MB.
System memory in use after: 97.4 MB.

Unloading 17 unused Assets to reduce memory usage. Loaded Objects now: 2500.
Total: 2.905100 ms (FindLiveObjects: 0.190700 ms CreateObjectMapping: 0.061400 ms MarkObjects: 2.497900 ms  DeleteObjects: 0.154200 ms)

========================================================================
Received Prepare
Registering precompiled user dll's ...
Registered in 0.002685 seconds.
Begin MonoManager ReloadAssembly
Native extension for LinuxStandalone target not found
Native extension for WindowsStandalone target not found
Native extension for WebGL target not found
Refreshing native plugins compatible for Editor in 0.47 ms, found 2 plugins.
Preloading 0 native plugins for Editor in 0.00 ms.
Mono: successfully reloaded assembly
- Completed reload, in  1.338 seconds
Platform modules already initialized, skipping
Refreshing native plugins compatible for Editor in 0.46 ms, found 2 plugins.
Preloading 0 native plugins for Editor in 0.00 ms.
Unloading 1922 Unused Serialized files (Serialized files now loaded: 0)
System memory in use before: 97.4 MB.
System memory in use after: 97.4 MB.

Unloading 17 unused Assets to reduce memory usage. Loaded Objects now: 2503.
Total: 3.154000 ms (FindLiveObjects: 0.214000 ms CreateObjectMapping: 0.055700 ms MarkObjects: 2.717400 ms  DeleteObjects: 0.165900 ms)

========================================================================
Received Import Request.
  Time since last request: 2005.697003 seconds.
  path: Assets/EndSceneLoader.cs
  artifactKey: Guid(7dbe4695d57512b4092f96472ae6dc59) Importer(815301076,1909f56bfc062723c751e8b465ee728b)
Start importing Assets/EndSceneLoader.cs using Guid(7dbe4695d57512b4092f96472ae6dc59) Importer(815301076,1909f56bfc062723c751e8b465ee728b)  -> (artifact id: '97d782065bebcefe7e7a3443daf50ae5') in 0.008139 seconds
  Import took 0.011343 seconds .

========================================================================
Received Import Request.
  Time since last request: 123.004987 seconds.
  path: Assets/Scenes/SampleScene.unity
  artifactKey: Guid(9fc0d4010bbf28b4594072e72b8655ab) Importer(815301076,1909f56bfc062723c751e8b465ee728b)
Start importing Assets/Scenes/SampleScene.unity using Guid(9fc0d4010bbf28b4594072e72b8655ab) Importer(815301076,1909f56bfc062723c751e8b465ee728b)  -> (artifact id: '3d6db31a55809179f9cad11267f6502e') in 0.062871 seconds
  Import took 0.066145 seconds .

========================================================================
Received Import Request.
  Time since last request: 34.921482 seconds.
  path: Assets/Scenes/Opening Scene.unity
  artifactKey: Guid(7d2a986a920568e47a87759bc2022947) Importer(815301076,1909f56bfc062723c751e8b465ee728b)
Start importing Assets/Scenes/Opening Scene.unity using Guid(7d2a986a920568e47a87759bc2022947) Importer(815301076,1909f56bfc062723c751e8b465ee728b)  -> (artifact id: '38453dcadb66a9e7c1cc45610b1838e9') in 0.008792 seconds
  Import took 0.012063 seconds .

========================================================================
Received Prepare
Registering precompiled user dll's ...
Registered in 0.003236 seconds.
Begin MonoManager ReloadAssembly
Native extension for LinuxStandalone target not found
Native extension for WindowsStandalone target not found
Native extension for WebGL target not found
Refreshing native plugins compatible for Editor in 0.44 ms, found 2 plugins.
Preloading 0 native plugins for Editor in 0.00 ms.
Mono: successfully reloaded assembly
- Completed reload, in  1.167 seconds
Platform modules already initialized, skipping
Refreshing native plugins compatible for Editor in 0.45 ms, found 2 plugins.
Preloading 0 native plugins for Editor in 0.00 ms.
Unloading 1922 Unused Serialized files (Serialized files now loaded: 0)
System memory in use before: 97.5 MB.
System memory in use after: 97.4 MB.

Unloading 17 unused Assets to reduce memory usage. Loaded Objects now: 2506.
Total: 2.553800 ms (FindLiveObjects: 0.154800 ms CreateObjectMapping: 0.054300 ms MarkObjects: 2.180600 ms  DeleteObjects: 0.163400 ms)

========================================================================
Received Prepare
Registering precompiled user dll's ...
Registered in 0.002782 seconds.
Begin MonoManager ReloadAssembly
Native extension for LinuxStandalone target not found
Native extension for WindowsStandalone target not found
Native extension for WebGL target not found
Refreshing native plugins compatible for Editor in 0.46 ms, found 2 plugins.
Preloading 0 native plugins for Editor in 0.00 ms.
Mono: successfully reloaded assembly
- Completed reload, in  1.161 seconds
Platform modules already initialized, skipping
Refreshing native plugins compatible for Editor in 0.48 ms, found 2 plugins.
Preloading 0 native plugins for Editor in 0.00 ms.
Unloading 1922 Unused Serialized files (Serialized files now loaded: 0)
System memory in use before: 97.5 MB.
System memory in use after: 97.4 MB.

Unloading 17 unused Assets to reduce memory usage. Loaded Objects now: 2509.
Total: 2.836600 ms (FindLiveObjects: 0.193300 ms CreateObjectMapping: 0.056200 ms MarkObjects: 2.440700 ms  DeleteObjects: 0.145600 ms)

========================================================================
Received Import Request.
  Time since last request: 1321.142655 seconds.
  path: Assets/CloudPrefabs/Big Boi.prefab
  artifactKey: Guid(1a78a16ae04d6c345adb33527c563dd1) Importer(815301076,1909f56bfc062723c751e8b465ee728b)
Start importing Assets/CloudPrefabs/Big Boi.prefab using Guid(1a78a16ae04d6c345adb33527c563dd1) Importer(815301076,1909f56bfc062723c751e8b465ee728b)  -> (artifact id: '12eb2aee29414f3309c03dc429de92bd') in 0.373119 seconds
  Import took 0.377884 seconds .

========================================================================
Received Import Request.
  Time since last request: 0.000278 seconds.
  path: Assets/CloudPrefabs/CloudContainer.prefab
  artifactKey: Guid(bcfd434c7c0b1504c9154c1504b78678) Importer(815301076,1909f56bfc062723c751e8b465ee728b)
Start importing Assets/CloudPrefabs/CloudContainer.prefab using Guid(bcfd434c7c0b1504c9154c1504b78678) Importer(815301076,1909f56bfc062723c751e8b465ee728b)  -> (artifact id: '8125ab0c277cc3785b75152a56c86676') in 0.013378 seconds
  Import took 0.016213 seconds .

========================================================================
Received Import Request.
  Time since last request: 0.000305 seconds.
  path: Assets/CloudPrefabs/Cloud3.prefab
  artifactKey: Guid(0279a0fed57d5ac4fa011a9bc84231b7) Importer(815301076,1909f56bfc062723c751e8b465ee728b)
Start importing Assets/CloudPrefabs/Cloud3.prefab using Guid(0279a0fed57d5ac4fa011a9bc84231b7) Importer(815301076,1909f56bfc062723c751e8b465ee728b)  -> (artifact id: '345c96905aabf10c6b84b3c1ed860e73') in 0.012905 seconds
  Import took 0.016260 seconds .

========================================================================
Received Import Request.
  Time since last request: 0.000321 seconds.
  path: Assets/CloudPrefabs/CloudCluster1.prefab
  artifactKey: Guid(450393daa80225446a426605c6533a29) Importer(815301076,1909f56bfc062723c751e8b465ee728b)
Start importing Assets/CloudPrefabs/CloudCluster1.prefab using Guid(450393daa80225446a426605c6533a29) Importer(815301076,1909f56bfc062723c751e8b465ee728b)  -> (artifact id: '03a1675b14385ce53e8fd6a4b658c9ae') in 0.013709 seconds
  Import took 0.016888 seconds .

========================================================================
Received Import Request.
  Time since last request: 0.000258 seconds.
  path: Assets/CloudPrefabs/CloudOne.prefab
  artifactKey: Guid(efb68bb671ce0d9479c277b384f60d80) Importer(815301076,1909f56bfc062723c751e8b465ee728b)
Start importing Assets/CloudPrefabs/CloudOne.prefab using Guid(efb68bb671ce0d9479c277b384f60d80) Importer(815301076,1909f56bfc062723c751e8b465ee728b)  -> (artifact id: 'dcc259a17a09e49d3aa024858c319af5') in 0.014158 seconds
  Import took 0.017059 seconds .

========================================================================
Received Import Request.
  Time since last request: 0.000298 seconds.
  path: Assets/CloudPrefabs/Cloud4.prefab
  artifactKey: Guid(1a02dc8f8b4fddc479d3e216387e7b5c) Importer(815301076,1909f56bfc062723c751e8b465ee728b)
Start importing Assets/CloudPrefabs/Cloud4.prefab using Guid(1a02dc8f8b4fddc479d3e216387e7b5c) Importer(815301076,1909f56bfc062723c751e8b465ee728b)  -> (artifact id: '22ff1d7150c9251db18b67d986b85dda') in 0.013645 seconds
  Import took 0.016844 seconds .

========================================================================
Received Import Request.
  Time since last request: 0.000291 seconds.
  path: Assets/CloudPrefabs/CloudOne.prefab
  artifactKey: Guid(efb68bb671ce0d9479c277b384f60d80) Importer(815301076,1909f56bfc062723c751e8b465ee728b)
Start importing Assets/CloudPrefabs/CloudOne.prefab using Guid(efb68bb671ce0d9479c277b384f60d80) Importer(815301076,1909f56bfc062723c751e8b465ee728b)  -> (artifact id: 'dcc259a17a09e49d3aa024858c319af5') in 0.006367 seconds
  Import took 0.009661 seconds .

========================================================================
Received Import Request.
  Time since last request: 0.000262 seconds.
  path: Assets/CloudPrefabs/Cloud4.prefab
  artifactKey: Guid(1a02dc8f8b4fddc479d3e216387e7b5c) Importer(815301076,1909f56bfc062723c751e8b465ee728b)
Start importing Assets/CloudPrefabs/Cloud4.prefab using Guid(1a02dc8f8b4fddc479d3e216387e7b5c) Importer(815301076,1909f56bfc062723c751e8b465ee728b)  -> (artifact id: '22ff1d7150c9251db18b67d986b85dda') in 0.006697 seconds
  Import took 0.009961 seconds .

========================================================================
Received Import Request.
  Time since last request: 25.594776 seconds.
  path: Assets/Cryptid - Low Poly Monsters/Contents/Bigfoot/Bigfoot.prefab
  artifactKey: Guid(db46e8f8fc3f5a249977df08fd71bd40) Importer(815301076,1909f56bfc062723c751e8b465ee728b)
Start importing Assets/Cryptid - Low Poly Monsters/Contents/Bigfoot/Bigfoot.prefab using Guid(db46e8f8fc3f5a249977df08fd71bd40) Importer(815301076,1909f56bfc062723c751e8b465ee728b)  -> (artifact id: '21cab21b6f16cd54e887609fca4c5e0a') in 0.046903 seconds
  Import took 0.050975 seconds .

========================================================================
Received Import Request.
  Time since last request: 124.710957 seconds.
  path: Assets/Traverse - Low Poly Survival/Contents/Prefabs
  artifactKey: Guid(f0e8a9f7417a3f4498e3844ec6bc3690) Importer(815301076,1909f56bfc062723c751e8b465ee728b)
Start importing Assets/Traverse - Low Poly Survival/Contents/Prefabs using Guid(f0e8a9f7417a3f4498e3844ec6bc3690) Importer(815301076,1909f56bfc062723c751e8b465ee728b)  -> (artifact id: '36dc75839cdd10b8c3ce46d3500bbe67') in 0.008427 seconds
  Import took 0.012059 seconds .

========================================================================
Received Import Request.
  Time since last request: 1.220925 seconds.
  path: Assets/Traverse - Low Poly Survival/Contents/Prefabs/Characters
  artifactKey: Guid(1b3c6e3f15873fe44960fc04c5ef339d) Importer(815301076,1909f56bfc062723c751e8b465ee728b)
Start importing Assets/Traverse - Low Poly Survival/Contents/Prefabs/Characters using Guid(1b3c6e3f15873fe44960fc04c5ef339d) Importer(815301076,1909f56bfc062723c751e8b465ee728b)  -> (artifact id: 'a36abca99fa55af84efa7ac3d5c1a038') in 0.008571 seconds
  Import took 0.011957 seconds .

========================================================================
Received Import Request.
  Time since last request: 2.018793 seconds.
  path: Assets/Traverse - Low Poly Survival/Contents/Prefabs/Characters/New Characters
  artifactKey: Guid(71de125939871f147b89bd87ff7007e1) Importer(815301076,1909f56bfc062723c751e8b465ee728b)
Start importing Assets/Traverse - Low Poly Survival/Contents/Prefabs/Characters/New Characters using Guid(71de125939871f147b89bd87ff7007e1) Importer(815301076,1909f56bfc062723c751e8b465ee728b)  -> (artifact id: 'ecd3bbb88eebb17f3a1750edd802717d') in 0.007810 seconds
  Import took 0.010872 seconds .

========================================================================
Received Import Request.
  Time since last request: 0.046785 seconds.
  path: Assets/Traverse - Low Poly Survival/Contents/Prefabs/Characters/New Characters/Female 1.prefab
  artifactKey: Guid(9a86098406aa1044aad6d44f1d1f5c44) Importer(815301076,1909f56bfc062723c751e8b465ee728b)
Start importing Assets/Traverse - Low Poly Survival/Contents/Prefabs/Characters/New Characters/Female 1.prefab using Guid(9a86098406aa1044aad6d44f1d1f5c44) Importer(815301076,1909f56bfc062723c751e8b465ee728b)  -> (artifact id: 'e44820e7e62ccbca13e80cd56088ca5b') in 0.025341 seconds
  Import took 0.029143 seconds .

========================================================================
Received Import Request.
  Time since last request: 0.000307 seconds.
  path: Assets/Traverse - Low Poly Survival/Contents/Prefabs/Characters/New Characters/Male 5.prefab
  artifactKey: Guid(7413db929a1d70246ae59ae466276910) Importer(815301076,1909f56bfc062723c751e8b465ee728b)
Start importing Assets/Traverse - Low Poly Survival/Contents/Prefabs/Characters/New Characters/Male 5.prefab using Guid(7413db929a1d70246ae59ae466276910) Importer(815301076,1909f56bfc062723c751e8b465ee728b)  -> (artifact id: '428ec41e1336531b642e5896be128184') in 0.021187 seconds
  Import took 0.024468 seconds .

========================================================================
Received Import Request.
  Time since last request: 0.000234 seconds.
  path: Assets/Traverse - Low Poly Survival/Contents/Prefabs/Characters/New Characters/Female 5.prefab
  artifactKey: Guid(f957b955a75a09b4f885da84cb4c77ce) Importer(815301076,1909f56bfc062723c751e8b465ee728b)
Start importing Assets/Traverse - Low Poly Survival/Contents/Prefabs/Characters/New Characters/Female 5.prefab using Guid(f957b955a75a09b4f885da84cb4c77ce) Importer(815301076,1909f56bfc062723c751e8b465ee728b)  -> (artifact id: '8517082357a1a35a3f50d385bc9d6b9f') in 0.019361 seconds
  Import took 0.022711 seconds .

========================================================================
Received Import Request.
  Time since last request: 0.000291 seconds.
  path: Assets/Traverse - Low Poly Survival/Contents/Prefabs/Characters/New Characters/Male 1.prefab
  artifactKey: Guid(20acd995fb4003743b5fb98ffa609985) Importer(815301076,1909f56bfc062723c751e8b465ee728b)
Start importing Assets/Traverse - Low Poly Survival/Contents/Prefabs/Characters/New Characters/Male 1.prefab using Guid(20acd995fb4003743b5fb98ffa609985) Importer(815301076,1909f56bfc062723c751e8b465ee728b)  -> (artifact id: '7a81cd8d366d2a11a426319b68c0bf47') in 0.018856 seconds
  Import took 0.022364 seconds .

========================================================================
Received Import Request.
  Time since last request: 0.000266 seconds.
  path: Assets/Traverse - Low Poly Survival/Contents/Prefabs/Characters/New Characters/Female 4.prefab
  artifactKey: Guid(38c7d7899b984b240b5415792e27ab54) Importer(815301076,1909f56bfc062723c751e8b465ee728b)
Start importing Assets/Traverse - Low Poly Survival/Contents/Prefabs/Characters/New Characters/Female 4.prefab using Guid(38c7d7899b984b240b5415792e27ab54) Importer(815301076,1909f56bfc062723c751e8b465ee728b)  -> (artifact id: '9f1f79cbe62bd91c9253117667e74141') in 0.019439 seconds
  Import took 0.022958 seconds .

========================================================================
Received Import Request.
  Time since last request: 0.000253 seconds.
  path: Assets/Traverse - Low Poly Survival/Contents/Prefabs/Characters/New Characters/Female 3.prefab
  artifactKey: Guid(86491bb126e1870499d3fc7b38bd2e5a) Importer(815301076,1909f56bfc062723c751e8b465ee728b)
Start importing Assets/Traverse - Low Poly Survival/Contents/Prefabs/Characters/New Characters/Female 3.prefab using Guid(86491bb126e1870499d3fc7b38bd2e5a) Importer(815301076,1909f56bfc062723c751e8b465ee728b)  -> (artifact id: '5cde4d9ab2706161e0c6273b3be91970') in 0.024176 seconds
  Import took 0.027574 seconds .

========================================================================
Received Import Request.
  Time since last request: 0.000295 seconds.
  path: Assets/Traverse - Low Poly Survival/Contents/Prefabs/Characters/New Characters/Female 2.prefab
  artifactKey: Guid(b277ef89b0cbb54448fdf7df6fd4fa03) Importer(815301076,1909f56bfc062723c751e8b465ee728b)
Start importing Assets/Traverse - Low Poly Survival/Contents/Prefabs/Characters/New Characters/Female 2.prefab using Guid(b277ef89b0cbb54448fdf7df6fd4fa03) Importer(815301076,1909f56bfc062723c751e8b465ee728b)  -> (artifact id: 'e204c34e54909696e908782c496d9f28') in 0.019297 seconds
  Import took 0.022853 seconds .

========================================================================
Received Import Request.
  Time since last request: 0.000254 seconds.
  path: Assets/Traverse - Low Poly Survival/Contents/Prefabs/Characters/New Characters/Male 2.prefab
  artifactKey: Guid(580d58475e6e78e48a16c6c38b67d896) Importer(815301076,1909f56bfc062723c751e8b465ee728b)
Start importing Assets/Traverse - Low Poly Survival/Contents/Prefabs/Characters/New Characters/Male 2.prefab using Guid(580d58475e6e78e48a16c6c38b67d896) Importer(815301076,1909f56bfc062723c751e8b465ee728b)  -> (artifact id: '22ce2149c4ce87057493e1b866efc46c') in 0.021409 seconds
  Import took 0.025047 seconds .

========================================================================
Received Import Request.
  Time since last request: 0.000253 seconds.
  path: Assets/Traverse - Low Poly Survival/Contents/Prefabs/Characters/New Characters/Male 4.prefab
  artifactKey: Guid(459ad0d22889aa844b745875c734b744) Importer(815301076,1909f56bfc062723c751e8b465ee728b)
Start importing Assets/Traverse - Low Poly Survival/Contents/Prefabs/Characters/New Characters/Male 4.prefab using Guid(459ad0d22889aa844b745875c734b744) Importer(815301076,1909f56bfc062723c751e8b465ee728b)  -> (artifact id: '043884b74493c6613703b2d9c46cd6de') in 0.016247 seconds
  Import took 0.019602 seconds .

========================================================================
Received Import Request.
  Time since last request: 0.000251 seconds.
  path: Assets/Traverse - Low Poly Survival/Contents/Prefabs/Characters/New Characters/Male 3.prefab
  artifactKey: Guid(231e5aa3f3205694396830761d44b3ea) Importer(815301076,1909f56bfc062723c751e8b465ee728b)
Start importing Assets/Traverse - Low Poly Survival/Contents/Prefabs/Characters/New Characters/Male 3.prefab using Guid(231e5aa3f3205694396830761d44b3ea) Importer(815301076,1909f56bfc062723c751e8b465ee728b)  -> (artifact id: '9a4398e25deb1840e7fdd7334b1a6b59') in 0.015842 seconds
  Import took 0.019430 seconds .

========================================================================
Received Import Request.
  Time since last request: 0.003367 seconds.
  path: Assets/Traverse - Low Poly Survival/Contents/Prefabs/Characters/New Characters/Male 3.prefab
  artifactKey: Guid(231e5aa3f3205694396830761d44b3ea) Importer(815301076,1909f56bfc062723c751e8b465ee728b)
Start importing Assets/Traverse - Low Poly Survival/Contents/Prefabs/Characters/New Characters/Male 3.prefab using Guid(231e5aa3f3205694396830761d44b3ea) Importer(815301076,1909f56bfc062723c751e8b465ee728b)  -> (artifact id: '9a4398e25deb1840e7fdd7334b1a6b59') in 0.012172 seconds
  Import took 0.015874 seconds .

========================================================================
Received Prepare
Registering precompiled user dll's ...
Registered in 0.003300 seconds.
Begin MonoManager ReloadAssembly
Native extension for LinuxStandalone target not found
Native extension for WindowsStandalone target not found
Native extension for WebGL target not found
Refreshing native plugins compatible for Editor in 0.46 ms, found 2 plugins.
Preloading 0 native plugins for Editor in 0.00 ms.
Mono: successfully reloaded assembly
- Completed reload, in  1.162 seconds
Platform modules already initialized, skipping
Refreshing native plugins compatible for Editor in 0.47 ms, found 2 plugins.
Preloading 0 native plugins for Editor in 0.00 ms.
Unloading 1922 Unused Serialized files (Serialized files now loaded: 0)
System memory in use before: 111.4 MB.
System memory in use after: 111.3 MB.

Unloading 17 unused Assets to reduce memory usage. Loaded Objects now: 2518.
Total: 3.049300 ms (FindLiveObjects: 0.180900 ms CreateObjectMapping: 0.058300 ms MarkObjects: 2.617300 ms  DeleteObjects: 0.191900 ms)

AssetImportWorkerClient::OnTransportError - code=2 error=End of file
